# JRE version: OpenJDK Runtime Environment (11.0+28) (build 11+28)
# Java VM: OpenJDK 64-Bit Server VM (11+28, mixed mode, tiered, compressed oops, g1 gc, windows-amd64)
Heap:
 garbage-first heap   total 310272K, used 58315K [0x0000000704400000, 0x0000000800000000)
  region size 1024K, 27 young (27648K), 8 survivors (8192K)
 Metaspace       used 58451K, capacity 59149K, committed 59308K, reserved 1101824K
  class space    used 6808K, capacity 7099K, committed 7168K, reserved 1048576K
GC Heap History (10 events):
Event: 1.443 GC heap before
{Heap before GC invocations=1 (full 0):
 garbage-first heap   total 258048K, used 42660K [0x0000000704400000, 0x0000000800000000)
  region size 1024K, 40 young (40960K), 3 survivors (3072K)
 Metaspace       used 20870K, capacity 21036K, committed 21248K, reserved 1069056K
  class space    used 2196K, capacity 2274K, committed 2304K, reserved 1048576K
}
Event: 1.458 GC heap after
{Heap after GC invocations=2 (full 0):
 garbage-first heap   total 258048K, used 9129K [0x0000000704400000, 0x0000000800000000)
  region size 1024K, 6 young (6144K), 6 survivors (6144K)
 Metaspace       used 20870K, capacity 21036K, committed 21248K, reserved 1069056K
  class space    used 2196K, capacity 2274K, committed 2304K, reserved 1048576K
}
Event: 2.629 GC heap before
{Heap before GC invocations=3 (full 0):
 garbage-first heap   total 258048K, used 65449K [0x0000000704400000, 0x0000000800000000)
  region size 1024K, 56 young (57344K), 6 survivors (6144K)
 Metaspace       used 32733K, capacity 33147K, committed 33408K, reserved 1079296K
  class space    used 4057K, capacity 4214K, committed 4224K, reserved 1048576K
}
Event: 2.645 GC heap after
{Heap after GC invocations=4 (full 0):
 garbage-first heap   total 258048K, used 25216K [0x0000000704400000, 0x0000000800000000)
  region size 1024K, 7 young (7168K), 7 survivors (7168K)
 Metaspace       used 32733K, capacity 33147K, committed 33408K, reserved 1079296K
  class space    used 4057K, capacity 4214K, committed 4224K, reserved 1048576K
}
Event: 2.857 GC heap before
{Heap before GC invocations=4 (full 0):
 garbage-first heap   total 258048K, used 35456K [0x0000000704400000, 0x0000000800000000)
  region size 1024K, 18 young (18432K), 7 survivors (7168K)
 Metaspace       used 35159K, capacity 35523K, committed 35628K, reserved 1081344K
  class space    used 4321K, capacity 4473K, committed 4480K, reserved 1048576K
}
Event: 2.866 GC heap after
{Heap after GC invocations=5 (full 0):
 garbage-first heap   total 258048K, used 26819K [0x0000000704400000, 0x0000000800000000)
  region size 1024K, 2 young (2048K), 2 survivors (2048K)
 Metaspace       used 35159K, capacity 35523K, committed 35628K, reserved 1081344K
  class space    used 4321K, capacity 4473K, committed 4480K, reserved 1048576K
}
Event: 4.278 GC heap before
{Heap before GC invocations=6 (full 0):
 garbage-first heap   total 258048K, used 76995K [0x0000000704400000, 0x0000000800000000)
  region size 1024K, 51 young (52224K), 2 survivors (2048K)
 Metaspace       used 44870K, capacity 45324K, committed 45612K, reserved 1089536K
  class space    used 5248K, capacity 5447K, committed 5504K, reserved 1048576K
}
Event: 4.287 GC heap after
{Heap after GC invocations=7 (full 0):
 garbage-first heap   total 310272K, used 30107K [0x0000000704400000, 0x0000000800000000)
  region size 1024K, 7 young (7168K), 7 survivors (7168K)
 Metaspace       used 44870K, capacity 45324K, committed 45612K, reserved 1089536K
  class space    used 5248K, capacity 5447K, committed 5504K, reserved 1048576K
}
Event: 6.299 GC heap before
{Heap before GC invocations=7 (full 0):
 garbage-first heap   total 310272K, used 105883K [0x0000000704400000, 0x0000000800000000)
  region size 1024K, 78 young (79872K), 7 survivors (7168K)
 Metaspace       used 54836K, capacity 55433K, committed 55724K, reserved 1097728K
  class space    used 6271K, capacity 6542K, committed 6656K, reserved 1048576K
}
Event: 6.311 GC heap after
{Heap after GC invocations=8 (full 0):
 garbage-first heap   total 310272K, used 39883K [0x0000000704400000, 0x0000000800000000)
  region size 1024K, 8 young (8192K), 8 survivors (8192K)
 Metaspace       used 54836K, capacity 55433K, committed 55724K, reserved 1097728K
  class space    used 6271K, capacity 6542K, committed 6656K, reserved 1048576K
}

